
> dr3-temp@0.1.0 dev
> next dev

▲ Next.js 16.1.1 (Turbopack)
- Local:         http://localhost:3000
- Network:       http://192.168.0.2:3000

✓ Starting...
✓ Ready in 1186ms
○ Compiling / ...
 GET / 200 in 4.8s (compile: 4.5s, render: 323ms)
 GET / 200 in 635ms (compile: 114ms, render: 521ms)
 GET / 200 in 154ms (compile: 39ms, render: 115ms)
 GET / 200 in 160ms (compile: 9ms, render: 151ms)
⚠ Cross origin request detected from 127.0.0.1 to /_next/* resource. In a future major version of Next.js, you will need to explicitly configure "allowedDevOrigins" in next.config to allow this.
Read more: https://nextjs.org/docs/app/api-reference/config/next-config-js/allowedDevOrigins
 GET / 200 in 82ms (compile: 7ms, render: 75ms)
 GET / 200 in 61ms (compile: 11ms, render: 49ms)
⚠ Found a change in next.config.ts. Restarting the server to apply the changes...
▲ Next.js 16.1.1 (Turbopack)
- Local:         http://localhost:3000
- Network:       http://192.168.0.2:3000

✓ Starting...
✓ Ready in 2.2s
 GET / 200 in 1659ms (compile: 1396ms, render: 263ms)
 GET / 200 in 79ms (compile: 5ms, render: 73ms)
 GET / 200 in 97ms (compile: 4ms, render: 94ms)
⚠ Cross origin request detected from 127.0.0.1 to /_next/* resource. In a future major version of Next.js, you will need to explicitly configure "allowedDevOrigins" in next.config to allow this.
Read more: https://nextjs.org/docs/app/api-reference/config/next-config-js/allowedDevOrigins
 GET / 200 in 46ms (compile: 3ms, render: 42ms)
 GET / 200 in 88ms (compile: 7ms, render: 82ms)
